[ 2202.126030] path = "/"
[ 2202.126037] device-tree node found.
[ 2202.126046] now getting main properties...
[ 2202.126048] + node = 
[ 2202.126061]  #address-cells = 2
[ 2202.126063]  #size-cells = 2
[ 2202.126072]  name = 
[ 2202.126074]  compatible = rockchip,rk3568-firefly-roc-pc
[ 2202.126075] now move through all properties...
[ 2202.126077] -> serial-number
[ 2202.126078] -> compatible
[ 2202.126080] -> interrupt-parent
[ 2202.126081] -> #address-cells
[ 2202.126082] -> #size-cells
[ 2202.126083] -> model
[ 2202.126084] -> name
[ 2202.126086] now move through children...
[ 2202.126088] + node = memory
[ 2202.126091]  reg = 0
[ 2202.126093]  name = memory
[ 2202.126094] + node = ddr3-params
[ 2202.126102]  name = ddr3-params
[ 2202.126105] + node = ddr4-params
[ 2202.126112]  name = ddr4-params
[ 2202.126115] + node = lpddr3-params
[ 2202.126122]  name = lpddr3-params
[ 2202.126124] + node = lpddr4-params
[ 2202.126133]  name = lpddr4-params
[ 2202.126137] + node = lpddr4x-params
[ 2202.126145]  name = lpddr4x-params
[ 2202.126148] + node = aliases
[ 2202.126153]  name = aliases
[ 2202.126156] + node = cpus
[ 2202.126159]  #address-cells = 2
[ 2202.126160]  #size-cells = 0
[ 2202.126162]  name = cpus
[ 2202.126165] + node = cpu0-opp-table
[ 2202.126171]  name = cpu0-opp-table
[ 2202.126173]  compatible = operating-points-v2
[ 2202.126176] + node = arm-pmu
[ 2202.126180]  name = arm-pmu
[ 2202.126182]  compatible = arm,cortex-a55-pmu
[ 2202.126184] + node = cpuinfo
[ 2202.126186]  name = cpuinfo
[ 2202.126188]  compatible = rockchip,cpuinfo
[ 2202.126189] + node = display-subsystem
[ 2202.126192]  name = display-subsystem
[ 2202.126194]  compatible = rockchip,display-subsystem
[ 2202.126196] + node = firmware
[ 2202.126199]  name = firmware
[ 2202.126202] + node = mpp-srv
[ 2202.126207]  name = mpp-srv
[ 2202.126209]  compatible = rockchip,mpp-service
[ 2202.126210]  status = okay
[ 2202.126212] + node = psci
[ 2202.126214]  name = psci
[ 2202.126216]  compatible = arm,psci-1.0
[ 2202.126217] + node = reserved-memory
[ 2202.126220]  #address-cells = 2
[ 2202.126221]  #size-cells = 2
[ 2202.126223]  name = reserved-memory
[ 2202.126226] + node = rockchip-suspend
[ 2202.126230]  name = rockchip-suspend
[ 2202.126232]  compatible = rockchip,pm-rk3568
[ 2202.126234]  status = okay
[ 2202.126235] + node = rockchip-system-monitor
[ 2202.126238]  name = rockchip-system-monitor
[ 2202.126240]  compatible = rockchip,system-monitor
[ 2202.126242] + node = thermal-zones
[ 2202.126245]  name = thermal-zones
[ 2202.126248] + node = timer
[ 2202.126253]  name = timer
[ 2202.126255]  compatible = arm,armv8-timer
[ 2202.126257] + node = external-gmac0-clock
[ 2202.126259]  name = external-gmac0-clock
[ 2202.126261]  compatible = fixed-clock
[ 2202.126263] + node = external-gmac1-clock
[ 2202.126265]  name = external-gmac1-clock
[ 2202.126267]  compatible = fixed-clock
[ 2202.126269] + node = xpcs-gmac0-clock
[ 2202.126271]  name = xpcs-gmac0-clock
[ 2202.126273]  compatible = fixed-clock
[ 2202.126275] + node = xpcs-gmac1-clock
[ 2202.126277]  name = xpcs-gmac1-clock
[ 2202.126279]  compatible = fixed-clock
[ 2202.126281] + node = i2s1-mclkin-rx
[ 2202.126283]  name = i2s1-mclkin-rx
[ 2202.126285]  compatible = fixed-clock
[ 2202.126286] + node = i2s1-mclkin-tx
[ 2202.126289]  name = i2s1-mclkin-tx
[ 2202.126290]  compatible = fixed-clock
[ 2202.126292] + node = i2s2-mclkin
[ 2202.126294]  name = i2s2-mclkin
[ 2202.126296]  compatible = fixed-clock
[ 2202.126297] + node = i2s3-mclkin
[ 2202.126300]  name = i2s3-mclkin
[ 2202.126301]  compatible = fixed-clock
[ 2202.126303] + node = mpll
[ 2202.126305]  name = mpll
[ 2202.126307]  compatible = fixed-clock
[ 2202.126308] + node = xin24m
[ 2202.126311]  name = xin24m
[ 2202.126313]  compatible = fixed-clock
[ 2202.126315] + node = xin32k
[ 2202.126318]  name = xin32k
[ 2202.126320]  compatible = fixed-clock
[ 2202.126322] + node = scmi-shmem@10f000
[ 2202.126324]  reg = 0
[ 2202.126325]  name = scmi-shmem
[ 2202.126327]  compatible = arm,scmi-shmem
[ 2202.126329] + node = sata@fc000000
[ 2202.126332]  reg = 0
[ 2202.126334]  name = sata
[ 2202.126336]  compatible = snps,dwc-ahci
[ 2202.126337]  status = disabled
[ 2202.126339] + node = sata@fc400000
[ 2202.126342]  reg = 0
[ 2202.126343]  name = sata
[ 2202.126345]  compatible = snps,dwc-ahci
[ 2202.126347]  status = disabled
[ 2202.126348] + node = sata@fc800000
[ 2202.126351]  reg = 0
[ 2202.126353]  name = sata
[ 2202.126354]  compatible = snps,dwc-ahci
[ 2202.126356]  status = okay
[ 2202.126357] + node = usbdrd
[ 2202.126359]  #address-cells = 2
[ 2202.126361]  #size-cells = 2
[ 2202.126363]  name = usbdrd
[ 2202.126364]  compatible = rockchip,rk3568-dwc3
[ 2202.126366]  status = okay
[ 2202.126368] + node = usbhost
[ 2202.126371]  #address-cells = 2
[ 2202.126374]  #size-cells = 2
[ 2202.126376]  name = usbhost
[ 2202.126378]  compatible = rockchip,rk3568-dwc3
[ 2202.126380]  status = okay
[ 2202.126382] + node = interrupt-controller@fd400000
[ 2202.126385]  #address-cells = 2
[ 2202.126386]  #size-cells = 2
[ 2202.126389]  reg = 0
[ 2202.126391]  name = interrupt-controller
[ 2202.126392]  compatible = arm,gic-v3
[ 2202.126394] + node = usb@fd800000
[ 2202.126399]  reg = 0
[ 2202.126400]  name = usb
[ 2202.126402]  compatible = generic-ehci
[ 2202.126404]  status = okay
[ 2202.126406] + node = usb@fd840000
[ 2202.126409]  reg = 0
[ 2202.126410]  name = usb
[ 2202.126412]  compatible = generic-ohci
[ 2202.126414]  status = okay
[ 2202.126416] + node = usb@fd880000
[ 2202.126418]  reg = 0
[ 2202.126420]  name = usb
[ 2202.126422]  compatible = generic-ehci
[ 2202.126424]  status = okay
[ 2202.126426] + node = usb@fd8c0000
[ 2202.126428]  reg = 0
[ 2202.126430]  name = usb
[ 2202.126431]  compatible = generic-ohci
[ 2202.126433]  status = okay
[ 2202.126435] + node = syscon@fda00000
[ 2202.126437]  reg = 0
[ 2202.126439]  name = syscon
[ 2202.126440]  compatible = rockchip,rk3568-xpcs
[ 2202.126442]  status = disabled
[ 2202.126444] + node = syscon@fdc20000
[ 2202.126446]  reg = 0
[ 2202.126448]  name = syscon
[ 2202.126450]  compatible = rockchip,rk3568-pmugrf
[ 2202.126452] + node = syscon@fdc50000
[ 2202.126457]  reg = 0
[ 2202.126458]  name = syscon
[ 2202.126460]  compatible = rockchip,rk3568-pipegrf
[ 2202.126462] + node = syscon@fdc60000
[ 2202.126465]  reg = 0
[ 2202.126466]  name = syscon
[ 2202.126468]  compatible = rockchip,rk3568-grf
[ 2202.126471] + node = syscon@fdc70000
[ 2202.126475]  reg = 0
[ 2202.126477]  name = syscon
[ 2202.126478]  compatible = rockchip,pipe-phy-grf
[ 2202.126480] + node = syscon@fdc80000
[ 2202.126482]  reg = 0
[ 2202.126484]  name = syscon
[ 2202.126486]  compatible = rockchip,pipe-phy-grf
[ 2202.126488] + node = syscon@fdc90000
[ 2202.126490]  reg = 0
[ 2202.126491]  name = syscon
[ 2202.126493]  compatible = rockchip,pipe-phy-grf
[ 2202.126495] + node = syscon@fdca0000
[ 2202.126497]  reg = 0
[ 2202.126499]  name = syscon
[ 2202.126501]  compatible = rockchip,rk3568-usb2phy-grf
[ 2202.126503] + node = syscon@fdca8000
[ 2202.126506]  reg = 0
[ 2202.126507]  name = syscon
[ 2202.126509]  compatible = rockchip,rk3568-usb2phy-grf
[ 2202.126511] + node = syscon@fdcb0000
[ 2202.126514]  reg = 0
[ 2202.126515]  name = syscon
[ 2202.126517]  compatible = rockchip,rk3568-edp-phy-grf
[ 2202.126519] + node = syscon@fdcb8000
[ 2202.126523]  reg = 0
[ 2202.126524]  name = syscon
[ 2202.126526]  compatible = rockchip,pcie30-phy-grf
[ 2202.126528] + node = sram@fdcc0000
[ 2202.126530]  #address-cells = 1
[ 2202.126532]  #size-cells = 1
[ 2202.126534]  reg = 0
[ 2202.126535]  name = sram
[ 2202.126537]  compatible = mmio-sram
[ 2202.126539] + node = clock-controller@fdd00000
[ 2202.126542]  reg = 0
[ 2202.126544]  name = clock-controller
[ 2202.126546]  compatible = rockchip,rk3568-pmucru
[ 2202.126548] + node = clock-controller@fdd20000
[ 2202.126551]  reg = 0
[ 2202.126552]  name = clock-controller
[ 2202.126554]  compatible = rockchip,rk3568-cru
[ 2202.126556] + node = i2c@fdd40000
[ 2202.126559]  #address-cells = 1
[ 2202.126560]  #size-cells = 0
[ 2202.126563]  reg = 0
[ 2202.126564]  name = i2c
[ 2202.126566]  compatible = rockchip,rk3399-i2c
[ 2202.126567]  status = okay
[ 2202.126570] + node = serial@fdd50000
[ 2202.126576]  reg = 0
[ 2202.126578]  name = serial
[ 2202.126580]  compatible = rockchip,rk3568-uart
[ 2202.126582]  status = disabled
[ 2202.126584] + node = pwm@fdd70000
[ 2202.126586]  reg = 0
[ 2202.126588]  name = pwm
[ 2202.126590]  compatible = rockchip,rk3568-pwm
[ 2202.126592]  status = disabled
[ 2202.126593] + node = pwm@fdd70010
[ 2202.126598]  reg = 0
[ 2202.126600]  name = pwm
[ 2202.126602]  compatible = rockchip,rk3568-pwm
[ 2202.126604]  status = disabled
[ 2202.126606] + node = pwm@fdd70020
[ 2202.126608]  reg = 0
[ 2202.126610]  name = pwm
[ 2202.126612]  compatible = rockchip,rk3568-pwm
[ 2202.126614]  status = disabled
[ 2202.126615] + node = pwm@fdd70030
[ 2202.126618]  reg = 0
[ 2202.126620]  name = pwm
[ 2202.126621]  compatible = rockchip,rk3568-pwm
[ 2202.126623]  status = disabled
[ 2202.126625] + node = power-management@fdd90000
[ 2202.126627]  reg = 0
[ 2202.126629]  name = power-management
[ 2202.126630]  compatible = rockchip,rk3568-pmu
[ 2202.126633] + node = pvtm@fde00000
[ 2202.126636]  #address-cells = 1
[ 2202.126639]  #size-cells = 0
[ 2202.126640]  reg = 0
[ 2202.126642]  name = pvtm
[ 2202.126644]  compatible = rockchip,rk3568-core-pvtm
[ 2202.126646] + node = npu@fde40000
[ 2202.126650]  reg = 0
[ 2202.126652]  name = npu
[ 2202.126654]  compatible = rockchip,rk3568-rknpu
[ 2202.126656]  status = okay
[ 2202.126658] + node = npu-opp-table
[ 2202.126662]  name = npu-opp-table
[ 2202.126664]  compatible = operating-points-v2
[ 2202.126666] + node = bus-npu
[ 2202.126672]  name = bus-npu
[ 2202.126674]  compatible = rockchip,rk3568-bus
[ 2202.126676]  status = okay
[ 2202.126678] + node = bus-npu-opp-table
[ 2202.126681]  name = bus-npu-opp-table
[ 2202.126683]  compatible = operating-points-v2
[ 2202.126685] + node = iommu@fde4b000
[ 2202.126691]  reg = 0
[ 2202.126692]  name = iommu
[ 2202.126694]  compatible = rockchip,iommu-v2
[ 2202.126696]  status = okay
[ 2202.126698] + node = gpu@fde60000
[ 2202.126700]  reg = 0
[ 2202.126702]  name = gpu
[ 2202.126704]  compatible = arm,mali-bifrost
[ 2202.126706]  status = okay
[ 2202.126707] + node = opp-table2
[ 2202.126710]  name = opp-table2
[ 2202.126712]  compatible = operating-points-v2
[ 2202.126714] + node = pvtm@fde80000
[ 2202.126717]  #address-cells = 1
[ 2202.126719]  #size-cells = 0
[ 2202.126721]  reg = 0
[ 2202.126723]  name = pvtm
[ 2202.126725]  compatible = rockchip,rk3568-gpu-pvtm
[ 2202.126727] + node = pvtm@fde90000
[ 2202.126729]  #address-cells = 1
[ 2202.126731]  #size-cells = 0
[ 2202.126733]  reg = 0
[ 2202.126734]  name = pvtm
[ 2202.126736]  compatible = rockchip,rk3568-npu-pvtm
[ 2202.126738] + node = vdpu@fdea0400
[ 2202.126745]  reg = 0
[ 2202.126746]  name = vdpu
[ 2202.126748]  compatible = rockchip,vpu-decoder-v2
[ 2202.126750]  status = okay
[ 2202.126752] + node = iommu@fdea0800
[ 2202.126754]  reg = 0
[ 2202.126756]  name = iommu
[ 2202.126757]  compatible = rockchip,iommu-v2
[ 2202.126760]  status = okay
[ 2202.126761] + node = rk_rga@fdeb0000
[ 2202.126765]  reg = 0
[ 2202.126767]  name = rk_rga
[ 2202.126768]  compatible = rockchip,rga2
[ 2202.126771]  status = okay
[ 2202.126772] + node = ebc@fdec0000
[ 2202.126775]  reg = 0
[ 2202.126777]  name = ebc
[ 2202.126778]  compatible = rockchip,rk3568-ebc-tcon
[ 2202.126780]  status = disabled
[ 2202.126782] + node = jpegd@fded0000
[ 2202.126785]  reg = 0
[ 2202.126787]  name = jpegd
[ 2202.126789]  compatible = rockchip,rkv-jpeg-decoder-v1
[ 2202.126791]  status = okay
[ 2202.126792] + node = iommu@fded0480
[ 2202.126795]  reg = 0
[ 2202.126797]  name = iommu
[ 2202.126798]  compatible = rockchip,iommu-v2
[ 2202.126801]  status = okay
[ 2202.126802] + node = vepu@fdee0000
[ 2202.126805]  reg = 0
[ 2202.126806]  name = vepu
[ 2202.126808]  compatible = rockchip,vpu-encoder-v2
[ 2202.126810]  status = okay
[ 2202.126812] + node = iommu@fdee0800
[ 2202.126814]  reg = 0
[ 2202.126816]  name = iommu
[ 2202.126818]  compatible = rockchip,iommu-v2
[ 2202.126820]  status = okay
[ 2202.126821] + node = iep@fdef0000
[ 2202.126824]  reg = 0
[ 2202.126826]  name = iep
[ 2202.126828]  compatible = rockchip,iep-v2
[ 2202.126830]  status = okay
[ 2202.126831] + node = iommu@fdef0800
[ 2202.126834]  reg = 0
[ 2202.126836]  name = iommu
[ 2202.126837]  compatible = rockchip,iommu-v2
[ 2202.126839]  status = okay
[ 2202.126841] + node = eink@fdf00000
[ 2202.126844]  reg = 0
[ 2202.126845]  name = eink
[ 2202.126847]  compatible = rockchip,rk3568-eink-tcon
[ 2202.126850]  status = disabled
[ 2202.126851] + node = rkvenc@fdf40000
[ 2202.126854]  reg = 0
[ 2202.126856]  name = rkvenc
[ 2202.126858]  compatible = rockchip,rkv-encoder-v1
[ 2202.126860]  status = okay
[ 2202.126862] + node = rkvenc-opp-table
[ 2202.126864]  name = rkvenc-opp-table
[ 2202.126867]  compatible = operating-points-v2
[ 2202.126868] + node = iommu@fdf40f00
[ 2202.126872]  reg = 0
[ 2202.126873]  name = iommu
[ 2202.126875]  compatible = rockchip,iommu-v2
[ 2202.126878]  status = okay
[ 2202.126879] + node = rkvdec@fdf80200
[ 2202.126884]  reg = 0
[ 2202.126885]  name = rkvdec
[ 2202.126888]  compatible = rockchip,rkv-decoder-rk3568
[ 2202.126891]  status = okay
[ 2202.126892] + node = iommu@fdf80800
[ 2202.126895]  reg = 0
[ 2202.126896]  name = iommu
[ 2202.126898]  compatible = rockchip,iommu-v2
[ 2202.126900]  status = okay
[ 2202.126902] + node = mipi-csi2@fdfb0000
[ 2202.126905]  reg = 0
[ 2202.126907]  name = mipi-csi2
[ 2202.126909]  compatible = rockchip,rk3568-mipi-csi2
[ 2202.126912]  status = disabled
[ 2202.126913] + node = rkcif@fdfe0000
[ 2202.126916]  reg = 0
[ 2202.126917]  name = rkcif
[ 2202.126919]  compatible = rockchip,rk3568-cif
[ 2202.126921]  status = disabled
[ 2202.126923] + node = iommu@fdfe0800
[ 2202.126926]  reg = 0
[ 2202.126928]  name = iommu
[ 2202.126929]  compatible = rockchip,iommu-v2
[ 2202.126932]  status = disabled
[ 2202.126933] + node = rkcif_dvp
[ 2202.126936]  name = rkcif_dvp
[ 2202.126938]  compatible = rockchip,rkcif-dvp
[ 2202.126939]  status = disabled
[ 2202.126941] + node = rkcif_dvp_sditf
[ 2202.126943]  name = rkcif_dvp_sditf
[ 2202.126945]  compatible = rockchip,rkcif-sditf
[ 2202.126947]  status = disabled
[ 2202.126949] + node = rkcif_mipi_lvds
[ 2202.126951]  name = rkcif_mipi_lvds
[ 2202.126953]  compatible = rockchip,rkcif-mipi-lvds
[ 2202.126954]  status = disabled
[ 2202.126956] + node = rkcif_mipi_lvds_sditf
[ 2202.126958]  name = rkcif_mipi_lvds_sditf
[ 2202.126960]  compatible = rockchip,rkcif-sditf
[ 2202.126962]  status = disabled
[ 2202.126964] + node = rkisp@fdff0000
[ 2202.126966]  reg = 0
[ 2202.126968]  name = rkisp
[ 2202.126970]  compatible = rockchip,rk3568-rkisp
[ 2202.126971]  status = okay
[ 2202.126973] + node = iommu@fdff1a00
[ 2202.126975]  reg = 0
[ 2202.126977]  name = iommu
[ 2202.126978]  compatible = rockchip,iommu-v2
[ 2202.126980]  status = okay
[ 2202.126982] + node = rkisp-vir0
[ 2202.126984]  name = rkisp-vir0
[ 2202.126985]  compatible = rockchip,rkisp-vir
[ 2202.126987]  status = okay
[ 2202.126989] + node = rkisp-vir1
[ 2202.126993]  name = rkisp-vir1
[ 2202.126995]  compatible = rockchip,rkisp-vir
[ 2202.126997]  status = disabled
[ 2202.126998] + node = ethernet@fe010000
[ 2202.127002]  reg = 0
[ 2202.127004]  name = ethernet
[ 2202.127006]  compatible = rockchip,rk3568-gmac
[ 2202.127008]  status = okay
[ 2202.127011] + node = vop@fe040000
[ 2202.127016]  reg = 0
[ 2202.127018]  name = vop
[ 2202.127020]  compatible = rockchip,rk3568-vop
[ 2202.127022]  status = okay
[ 2202.127025] + node = iommu@fe043e00
[ 2202.127030]  reg = 0
[ 2202.127032]  name = iommu
[ 2202.127033]  compatible = rockchip,iommu-v2
[ 2202.127035]  status = okay
[ 2202.127037] + node = dsi@fe060000
[ 2202.127039]  #address-cells = 1
[ 2202.127041]  #size-cells = 0
[ 2202.127043]  reg = 0
[ 2202.127045]  name = dsi
[ 2202.127046]  compatible = rockchip,rk3568-mipi-dsi
[ 2202.127049]  status = disabled
[ 2202.127051] + node = dsi@fe070000
[ 2202.127056]  #address-cells = 1
[ 2202.127058]  #size-cells = 0
[ 2202.127061]  reg = 0
[ 2202.127062]  name = dsi
[ 2202.127064]  compatible = rockchip,rk3568-mipi-dsi
[ 2202.127067]  status = disabled
[ 2202.127069] + node = hdmi@fe0a0000
[ 2202.127076]  reg = 0
[ 2202.127077]  name = hdmi
[ 2202.127079]  compatible = rockchip,rk3568-dw-hdmi
[ 2202.127081]  status = okay
[ 2202.127083] + node = edp@fe0c0000
[ 2202.127088]  reg = 0
[ 2202.127090]  name = edp
[ 2202.127092]  compatible = rockchip,rk3568-edp
[ 2202.127094]  status = disabled
[ 2202.127097] + node = nocp-cpu@fe102000
[ 2202.127101]  reg = 0
[ 2202.127102]  name = nocp-cpu
[ 2202.127104]  compatible = rockchip,rk3568-nocp
[ 2202.127106] + node = nocp-gpu-vpu-rga-venc@fe102400
[ 2202.127109]  reg = 0
[ 2202.127110]  name = nocp-gpu-vpu-rga-venc
[ 2202.127112]  compatible = rockchip,rk3568-nocp
[ 2202.127114] + node = nocp-vdec@fe102800
[ 2202.127117]  reg = 0
[ 2202.127119]  name = nocp-vdec
[ 2202.127120]  compatible = rockchip,rk3568-nocp
[ 2202.127123] + node = nocp-vi-usb-peri-pipe@fe102c00
[ 2202.127125]  reg = 0
[ 2202.127127]  name = nocp-vi-usb-peri-pipe
[ 2202.127128]  compatible = rockchip,rk3568-nocp
[ 2202.127130] + node = nocp-vo@fe103000
[ 2202.127132]  reg = 0
[ 2202.127134]  name = nocp-vo
[ 2202.127136]  compatible = rockchip,rk3568-nocp
[ 2202.127137] + node = qos@fe128000
[ 2202.127140]  reg = 0
[ 2202.127141]  name = qos
[ 2202.127143]  compatible = syscon
[ 2202.127144] + node = qos@fe138080
[ 2202.127147]  reg = 0
[ 2202.127148]  name = qos
[ 2202.127150]  compatible = syscon
[ 2202.127152] + node = qos@fe138100
[ 2202.127154]  reg = 0
[ 2202.127155]  name = qos
[ 2202.127157]  compatible = syscon
[ 2202.127158] + node = qos@fe138180
[ 2202.127161]  reg = 0
[ 2202.127162]  name = qos
[ 2202.127164]  compatible = syscon
[ 2202.127165] + node = qos@fe148000
[ 2202.127168]  reg = 0
[ 2202.127169]  name = qos
[ 2202.127171]  compatible = syscon
[ 2202.127173] + node = qos@fe148080
[ 2202.127175]  reg = 0
[ 2202.127176]  name = qos
[ 2202.127178]  compatible = syscon
[ 2202.127179] + node = qos@fe148100
[ 2202.127181]  reg = 0
[ 2202.127183]  name = qos
[ 2202.127184]  compatible = syscon
[ 2202.127186] + node = qos@fe150000
[ 2202.127188]  reg = 0
[ 2202.127190]  name = qos
[ 2202.127191]  compatible = syscon
[ 2202.127193] + node = qos@fe158000
[ 2202.127195]  reg = 0
[ 2202.127196]  name = qos
[ 2202.127198]  compatible = syscon
[ 2202.127199] + node = qos@fe158100
[ 2202.127201]  reg = 0
[ 2202.127203]  name = qos
[ 2202.127204]  compatible = syscon
[ 2202.127206] + node = qos@fe158180
[ 2202.127208]  reg = 0
[ 2202.127209]  name = qos
[ 2202.127211]  compatible = syscon
[ 2202.127213] + node = qos@fe158200
[ 2202.127215]  reg = 0
[ 2202.127216]  name = qos
[ 2202.127218]  compatible = syscon
[ 2202.127219] + node = qos@fe158280
[ 2202.127222]  reg = 0
[ 2202.127223]  name = qos
[ 2202.127225]  compatible = syscon
[ 2202.127226] + node = qos@fe158300
[ 2202.127229]  reg = 0
[ 2202.127230]  name = qos
[ 2202.127232]  compatible = syscon
[ 2202.127234] + node = qos@fe180000
[ 2202.127236]  reg = 0
[ 2202.127237]  name = qos
[ 2202.127239]  compatible = syscon
[ 2202.127241] + node = qos@fe190000
[ 2202.127244]  reg = 0
[ 2202.127245]  name = qos
[ 2202.127247]  compatible = syscon
[ 2202.127249] + node = qos@fe190080
[ 2202.127251]  reg = 0
[ 2202.127253]  name = qos
[ 2202.127254]  compatible = syscon
[ 2202.127256] + node = qos@fe190100
[ 2202.127258]  reg = 0
[ 2202.127259]  name = qos
[ 2202.127261]  compatible = syscon
[ 2202.127263] + node = qos@fe190200
[ 2202.127265]  reg = 0
[ 2202.127267]  name = qos
[ 2202.127268]  compatible = syscon
[ 2202.127270] + node = qos@fe190280
[ 2202.127273]  reg = 0
[ 2202.127274]  name = qos
[ 2202.127276]  compatible = syscon
[ 2202.127278] + node = qos@fe190300
[ 2202.127280]  reg = 0
[ 2202.127281]  name = qos
[ 2202.127283]  compatible = syscon
[ 2202.127285] + node = qos@fe190380
[ 2202.127287]  reg = 0
[ 2202.127289]  name = qos
[ 2202.127290]  compatible = syscon
[ 2202.127292] + node = qos@fe190400
[ 2202.127294]  reg = 0
[ 2202.127295]  name = qos
[ 2202.127298]  compatible = syscon
[ 2202.127299] + node = qos@fe198000
[ 2202.127301]  reg = 0
[ 2202.127303]  name = qos
[ 2202.127305]  compatible = syscon
[ 2202.127307] + node = qos@fe1a8000
[ 2202.127309]  reg = 0
[ 2202.127311]  name = qos
[ 2202.127313]  compatible = syscon
[ 2202.127314] + node = qos@fe1a8080
[ 2202.127317]  reg = 0
[ 2202.127318]  name = qos
[ 2202.127320]  compatible = syscon
[ 2202.127321] + node = qos@fe1a8100
[ 2202.127323]  reg = 0
[ 2202.127325]  name = qos
[ 2202.127327]  compatible = syscon
[ 2202.127328] + node = dwmmc@fe000000
[ 2202.127333]  reg = 0
[ 2202.127335]  name = dwmmc
[ 2202.127337]  compatible = rockchip,rk3568-dw-mshc
[ 2202.127339]  status = okay
[ 2202.127340] + node = dfi@fe230000
[ 2202.127343]  reg = 0
[ 2202.127344]  name = dfi
[ 2202.127346]  compatible = rockchip,rk3568-dfi
[ 2202.127348]  status = okay
[ 2202.127349] + node = dmc
[ 2202.127354]  name = dmc
[ 2202.127356]  compatible = rockchip,rk3568-dmc
[ 2202.127358]  status = okay
[ 2202.127360] + node = dmc-fsp
[ 2202.127363]  name = dmc-fsp
[ 2202.127365]  compatible = rockchip,rk3568-dmc-fsp
[ 2202.127367]  status = okay
[ 2202.127368] + node = dmc-opp-table
[ 2202.127371]  name = dmc-opp-table
[ 2202.127373]  compatible = operating-points-v2
[ 2202.127376] + node = dmcdbg
[ 2202.127380]  name = dmcdbg
[ 2202.127382]  compatible = rockchip,rk3568-dmcdbg
[ 2202.127384]  status = disabled
[ 2202.127386] + node = pcie@fe260000
[ 2202.127388]  #address-cells = 3
[ 2202.127389]  #size-cells = 2
[ 2202.127393]  reg = 3
[ 2202.127395]  name = pcie
[ 2202.127397]  compatible = rockchip,rk3568-pcie
[ 2202.127400]  status = disabled
[ 2202.127401] + node = pcie@fe270000
[ 2202.127403]  #address-cells = 3
[ 2202.127405]  #size-cells = 2
[ 2202.127408]  reg = 3
[ 2202.127410]  name = pcie
[ 2202.127412]  compatible = rockchip,rk3568-pcie
[ 2202.127414]  status = disabled
[ 2202.127416] + node = pcie@fe280000
[ 2202.127418]  #address-cells = 3
[ 2202.127420]  #size-cells = 2
[ 2202.127424]  reg = 3
[ 2202.127426]  name = pcie
[ 2202.127428]  compatible = rockchip,rk3568-pcie
[ 2202.127430]  status = okay
[ 2202.127431] + node = ethernet@fe2a0000
[ 2202.127435]  reg = 0
[ 2202.127437]  name = ethernet
[ 2202.127439]  compatible = rockchip,rk3568-gmac
[ 2202.127441]  status = okay
[ 2202.127443] + node = dwmmc@fe2b0000
[ 2202.127449]  reg = 0
[ 2202.127451]  name = dwmmc
[ 2202.127453]  compatible = rockchip,rk3568-dw-mshc
[ 2202.127456]  status = okay
[ 2202.127457] + node = dwmmc@fe2c0000
[ 2202.127460]  reg = 0
[ 2202.127461]  name = dwmmc
[ 2202.127463]  compatible = rockchip,rk3568-dw-mshc
[ 2202.127466]  status = disabled
[ 2202.127467] + node = sfc@fe300000
[ 2202.127471]  reg = 0
[ 2202.127473]  name = sfc
[ 2202.127475]  compatible = rockchip,sfc
[ 2202.127477]  status = okay
[ 2202.127478] + node = sdhci@fe310000
[ 2202.127482]  reg = 0
[ 2202.127484]  name = sdhci
[ 2202.127486]  compatible = rockchip,dwcmshc-sdhci
[ 2202.127488]  status = okay
[ 2202.127489] + node = nandc@fe330000
[ 2202.127492]  #address-cells = 1
[ 2202.127494]  #size-cells = 0
[ 2202.127496]  reg = 0
[ 2202.127498]  name = nandc
[ 2202.127500]  compatible = rockchip,rk-nandc-v9
[ 2202.127502]  status = okay
[ 2202.127504] + node = crypto@fe380000
[ 2202.127509]  reg = 0
[ 2202.127511]  name = crypto
[ 2202.127512]  compatible = rockchip,rk3568-crypto
[ 2202.127515]  status = disabled
[ 2202.127516] + node = rng@fe388000
[ 2202.127519]  reg = 0
[ 2202.127521]  name = rng
[ 2202.127523]  compatible = rockchip,cryptov2-rng
[ 2202.127525]  status = okay
[ 2202.127527] + node = otp@fe38c000
[ 2202.127530]  #address-cells = 1
[ 2202.127532]  #size-cells = 1
[ 2202.127534]  reg = 0
[ 2202.127535]  name = otp
[ 2202.127537]  compatible = rockchip,rk3568-otp
[ 2202.127540] + node = i2s@fe400000
[ 2202.127545]  reg = 0
[ 2202.127547]  name = i2s
[ 2202.127549]  compatible = rockchip,rk3568-i2s-tdm
[ 2202.127551]  status = okay
[ 2202.127552] + node = i2s@fe410000
[ 2202.127556]  reg = 0
[ 2202.127558]  name = i2s
[ 2202.127560]  compatible = rockchip,rk3568-i2s-tdm
[ 2202.127562]  status = okay
[ 2202.127563] + node = i2s@fe420000
[ 2202.127566]  reg = 0
[ 2202.127568]  name = i2s
[ 2202.127569]  compatible = rockchip,rk3568-i2s-tdm
[ 2202.127572]  status = disabled
[ 2202.127573] + node = i2s@fe430000
[ 2202.127577]  reg = 0
[ 2202.127578]  name = i2s
[ 2202.127580]  compatible = rockchip,rk3568-i2s-tdm
[ 2202.127582]  status = disabled
[ 2202.127583] + node = pdm@fe440000
[ 2202.127586]  reg = 0
[ 2202.127588]  name = pdm
[ 2202.127590]  compatible = rockchip,rk3568-pdm
[ 2202.127592]  status = disabled
[ 2202.127593] + node = vad@fe450000
[ 2202.127596]  reg = 0
[ 2202.127598]  name = vad
[ 2202.127599]  compatible = rockchip,rk3568-vad
[ 2202.127601]  status = disabled
[ 2202.127603] + node = spdif@fe460000
[ 2202.127606]  reg = 0
[ 2202.127608]  name = spdif
[ 2202.127610]  compatible = rockchip,rk3568-spdif
[ 2202.127612]  status = disabled
[ 2202.127613] + node = audpwm@fe470000
[ 2202.127616]  reg = 0
[ 2202.127617]  name = audpwm
[ 2202.127620]  compatible = rockchip,rk3568-audio-pwm
[ 2202.127622]  status = disabled
[ 2202.127623] + node = codec-digital@fe478000
[ 2202.127626]  reg = 0
[ 2202.127628]  name = codec-digital
[ 2202.127630]  compatible = rockchip,rk3568-codec-digital
[ 2202.127632]  status = disabled
[ 2202.127634] + node = dmac@fe530000
[ 2202.127636]  reg = 0
[ 2202.127638]  name = dmac
[ 2202.127640]  compatible = arm,pl330
[ 2202.127642] + node = dmac@fe550000
[ 2202.127644]  reg = 0
[ 2202.127646]  name = dmac
[ 2202.127648]  compatible = arm,pl330
[ 2202.127650] + node = rkscr@fe560000
[ 2202.127655]  reg = 0
[ 2202.127657]  name = rkscr
[ 2202.127658]  compatible = rockchip-scr
[ 2202.127660]  status = disabled
[ 2202.127662] + node = can@fe570000
[ 2202.127664]  reg = 0
[ 2202.127666]  name = can
[ 2202.127668]  compatible = rockchip,canfd-1.0
[ 2202.127670]  status = disabled
[ 2202.127671] + node = can@fe580000
[ 2202.127675]  reg = 0
[ 2202.127676]  name = can
[ 2202.127678]  compatible = rockchip,can-1.0
[ 2202.127680]  status = okay
[ 2202.127682] + node = can@fe590000
[ 2202.127685]  reg = 0
[ 2202.127686]  name = can
[ 2202.127688]  compatible = rockchip,can-1.0
[ 2202.127690]  status = okay
[ 2202.127692] + node = i2c@fe5a0000
[ 2202.127694]  #address-cells = 1
[ 2202.127696]  #size-cells = 0
[ 2202.127698]  reg = 0
[ 2202.127699]  name = i2c
[ 2202.127701]  compatible = rockchip,rk3399-i2c
[ 2202.127703]  status = okay
[ 2202.127705] + node = i2c@fe5b0000
[ 2202.127709]  #address-cells = 1
[ 2202.127711]  #size-cells = 0
[ 2202.127713]  reg = 0
[ 2202.127715]  name = i2c
[ 2202.127717]  compatible = rockchip,rk3399-i2c
[ 2202.127719]  status = disabled
[ 2202.127721] + node = i2c@fe5c0000
[ 2202.127723]  #address-cells = 1
[ 2202.127725]  #size-cells = 0
[ 2202.127726]  reg = 0
[ 2202.127728]  name = i2c
[ 2202.127730]  compatible = rockchip,rk3399-i2c
[ 2202.127733]  status = disabled
[ 2202.127734] + node = i2c@fe5d0000
[ 2202.127737]  #address-cells = 1
[ 2202.127740]  #size-cells = 0
[ 2202.127741]  reg = 0
[ 2202.127743]  name = i2c
[ 2202.127745]  compatible = rockchip,rk3399-i2c
[ 2202.127746]  status = okay
[ 2202.127749] + node = i2c@fe5e0000
[ 2202.127753]  #address-cells = 1
[ 2202.127755]  #size-cells = 0
[ 2202.127757]  reg = 0
[ 2202.127759]  name = i2c
[ 2202.127761]  compatible = rockchip,rk3399-i2c
[ 2202.127762]  status = okay
[ 2202.127764] + node = timer@fe5f0000
[ 2202.127770]  reg = 0
[ 2202.127771]  name = timer
[ 2202.127773]  compatible = rockchip,rk3568-timer
[ 2202.127775] + node = watchdog@fe600000
[ 2202.127778]  reg = 0
[ 2202.127779]  name = watchdog
[ 2202.127781]  compatible = snps,dw-wdt
[ 2202.127783]  status = okay
[ 2202.127785] + node = spi@fe610000
[ 2202.127787]  #address-cells = 1
[ 2202.127788]  #size-cells = 0
[ 2202.127790]  reg = 0
[ 2202.127793]  name = spi
[ 2202.127795]  compatible = rockchip,rk3066-spi
[ 2202.127797]  status = disabled
[ 2202.127799] + node = spi@fe620000
[ 2202.127801]  #address-cells = 1
[ 2202.127802]  #size-cells = 0
[ 2202.127804]  reg = 0
[ 2202.127806]  name = spi
[ 2202.127808]  compatible = rockchip,rk3066-spi
[ 2202.127810]  status = disabled
[ 2202.127812] + node = spi@fe630000
[ 2202.127815]  #address-cells = 1
[ 2202.127817]  #size-cells = 0
[ 2202.127819]  reg = 0
[ 2202.127821]  name = spi
[ 2202.127822]  compatible = rockchip,rk3066-spi
[ 2202.127825]  status = disabled
[ 2202.127826] + node = spi@fe640000
[ 2202.127828]  #address-cells = 1
[ 2202.127830]  #size-cells = 0
[ 2202.127832]  reg = 0
[ 2202.127834]  name = spi
[ 2202.127835]  compatible = rockchip,rk3066-spi
[ 2202.127838]  status = disabled
[ 2202.127839] + node = serial@fe650000
[ 2202.127842]  reg = 0
[ 2202.127844]  name = serial
[ 2202.127846]  compatible = rockchip,rk3568-uart
[ 2202.127848]  status = disabled
[ 2202.127849] + node = serial@fe660000
[ 2202.127852]  reg = 0
[ 2202.127854]  name = serial
[ 2202.127856]  compatible = rockchip,rk3568-uart
[ 2202.127858]  status = disabled
[ 2202.127859] + node = serial@fe670000
[ 2202.127863]  reg = 0
[ 2202.127865]  name = serial
[ 2202.127867]  compatible = rockchip,rk3568-uart
[ 2202.127869]  status = okay
[ 2202.127872] + node = serial@fe680000
[ 2202.127877]  reg = 0
[ 2202.127879]  name = serial
[ 2202.127881]  compatible = rockchip,rk3568-uart
[ 2202.127883]  status = okay
[ 2202.127884] + node = serial@fe690000
[ 2202.127887]  reg = 0
[ 2202.127889]  name = serial
[ 2202.127891]  compatible = rockchip,rk3568-uart
[ 2202.127893]  status = disabled
[ 2202.127895] + node = serial@fe6a0000
[ 2202.127898]  reg = 0
[ 2202.127900]  name = serial
[ 2202.127902]  compatible = rockchip,rk3568-uart
[ 2202.127904]  status = disabled
[ 2202.127906] + node = serial@fe6b0000
[ 2202.127908]  reg = 0
[ 2202.127910]  name = serial
[ 2202.127911]  compatible = rockchip,rk3568-uart
[ 2202.127914]  status = disabled
[ 2202.127915] + node = serial@fe6c0000
[ 2202.127918]  reg = 0
[ 2202.127920]  name = serial
[ 2202.127922]  compatible = rockchip,rk3568-uart
[ 2202.127924]  status = okay
[ 2202.127925] + node = serial@fe6d0000
[ 2202.127928]  reg = 0
[ 2202.127930]  name = serial
[ 2202.127931]  compatible = rockchip,rk3568-uart
[ 2202.127933]  status = disabled
[ 2202.127935] + node = pwm@fe6e0000
[ 2202.127937]  reg = 0
[ 2202.127939]  name = pwm
[ 2202.127940]  compatible = rockchip,rk3568-pwm
[ 2202.127943]  status = okay
[ 2202.127944] + node = pwm@fe6e0010
[ 2202.127947]  reg = 0
[ 2202.127948]  name = pwm
[ 2202.127950]  compatible = rockchip,rk3568-pwm
[ 2202.127952]  status = okay
[ 2202.127953] + node = pwm@fe6e0020
[ 2202.127955]  reg = 0
[ 2202.127957]  name = pwm
[ 2202.127958]  compatible = rockchip,rk3568-pwm
[ 2202.127960]  status = disabled
[ 2202.127962] + node = pwm@fe6e0030
[ 2202.127964]  reg = 0
[ 2202.127966]  name = pwm
[ 2202.127968]  compatible = rockchip,remotectl-pwm
[ 2202.127970]  status = okay
[ 2202.127972] + node = pwm@fe6f0000
[ 2202.127975]  reg = 0
[ 2202.127976]  name = pwm
[ 2202.127979]  compatible = rockchip,rk3568-pwm
[ 2202.127981]  status = disabled
[ 2202.127982] + node = pwm@fe6f0010
[ 2202.127985]  reg = 0
[ 2202.127986]  name = pwm
[ 2202.127989]  compatible = rockchip,rk3568-pwm
[ 2202.127991]  status = disabled
[ 2202.127992] + node = pwm@fe6f0020
[ 2202.127995]  reg = 0
[ 2202.127997]  name = pwm
[ 2202.127999]  compatible = rockchip,rk3568-pwm
[ 2202.128001]  status = disabled
[ 2202.128003] + node = pwm@fe6f0030
[ 2202.128005]  reg = 0
[ 2202.128007]  name = pwm
[ 2202.128009]  compatible = rockchip,rk3568-pwm
[ 2202.128012]  status = disabled
[ 2202.128013] + node = pwm@fe700000
[ 2202.128015]  reg = 0
[ 2202.128017]  name = pwm
[ 2202.128019]  compatible = rockchip,rk3568-pwm
[ 2202.128021]  status = disabled
[ 2202.128022] + node = pwm@fe700010
[ 2202.128025]  reg = 0
[ 2202.128026]  name = pwm
[ 2202.128028]  compatible = rockchip,rk3568-pwm
[ 2202.128030]  status = disabled
[ 2202.128032] + node = pwm@fe700020
[ 2202.128036]  reg = 0
[ 2202.128037]  name = pwm
[ 2202.128039]  compatible = rockchip,rk3568-pwm
[ 2202.128041]  status = disabled
[ 2202.128043] + node = pwm@fe700030
[ 2202.128045]  reg = 0
[ 2202.128047]  name = pwm
[ 2202.128049]  compatible = rockchip,rk3568-pwm
[ 2202.128051]  status = disabled
[ 2202.128052] + node = tsadc@fe710000
[ 2202.128056]  reg = 0
[ 2202.128058]  name = tsadc
[ 2202.128061]  compatible = rockchip,rk3568-tsadc
[ 2202.128063]  status = okay
[ 2202.128064] + node = saradc@fe720000
[ 2202.128067]  reg = 0
[ 2202.128068]  name = saradc
[ 2202.128070]  compatible = rockchip,rk3568-saradc
[ 2202.128072]  status = okay
[ 2202.128074] + node = mailbox@fe780000
[ 2202.128076]  reg = 0
[ 2202.128078]  name = mailbox
[ 2202.128080]  compatible = rockchip,rk3568-mailbox
[ 2202.128082]  status = disabled
[ 2202.128084] + node = phy@fe820000
[ 2202.128087]  reg = 0
[ 2202.128089]  name = phy
[ 2202.128091]  compatible = rockchip,rk3568-naneng-combphy
[ 2202.128093]  status = okay
[ 2202.128094] + node = phy@fe830000
[ 2202.128097]  reg = 0
[ 2202.128099]  name = phy
[ 2202.128101]  compatible = rockchip,rk3568-naneng-combphy
[ 2202.128103]  status = okay
[ 2202.128104] + node = phy@fe840000
[ 2202.128108]  reg = 0
[ 2202.128110]  name = phy
[ 2202.128111]  compatible = rockchip,rk3568-naneng-combphy
[ 2202.128113]  status = okay
[ 2202.128115] + node = video-phy@fe850000
[ 2202.128117]  reg = 0
[ 2202.128119]  name = video-phy
[ 2202.128121]  compatible = rockchip,rk3568-video-phy
[ 2202.128123]  status = disabled
[ 2202.128124] + node = video-phy@fe860000
[ 2202.128127]  reg = 0
[ 2202.128129]  name = video-phy
[ 2202.128131]  compatible = rockchip,rk3568-video-phy
[ 2202.128133]  status = disabled
[ 2202.128134] + node = csi2-dphy-hw@fe870000
[ 2202.128137]  reg = 0
[ 2202.128139]  name = csi2-dphy-hw
[ 2202.128141]  compatible = rockchip,rk3568-csi2-dphy-hw
[ 2202.128143]  status = okay
[ 2202.128144] + node = csi2-dphy0
[ 2202.128147]  name = csi2-dphy0
[ 2202.128149]  compatible = rockchip,rk3568-csi2-dphy
[ 2202.128151]  status = okay
[ 2202.128153] + node = csi2-dphy1
[ 2202.128157]  name = csi2-dphy1
[ 2202.128160]  compatible = rockchip,rk3568-csi2-dphy
[ 2202.128162]  status = disabled
[ 2202.128163] + node = csi2-dphy2
[ 2202.128166]  name = csi2-dphy2
[ 2202.128168]  compatible = rockchip,rk3568-csi2-dphy
[ 2202.128169]  status = disabled
[ 2202.128170] + node = usb2-phy@fe8a0000
[ 2202.128173]  reg = 0
[ 2202.128175]  name = usb2-phy
[ 2202.128177]  compatible = rockchip,rk3568-usb2phy
[ 2202.128179]  status = okay
[ 2202.128180] + node = usb2-phy@fe8b0000
[ 2202.128182]  reg = 0
[ 2202.128184]  name = usb2-phy
[ 2202.128186]  compatible = rockchip,rk3568-usb2phy
[ 2202.128187]  status = okay
[ 2202.128189] + node = phy@fe8c0000
[ 2202.128193]  reg = 0
[ 2202.128194]  name = phy
[ 2202.128196]  compatible = rockchip,rk3568-pcie3-phy
[ 2202.128198]  status = okay
[ 2202.128200] + node = pinctrl
[ 2202.128201]  #address-cells = 2
[ 2202.128203]  #size-cells = 2
[ 2202.128205]  name = pinctrl
[ 2202.128207]  compatible = rockchip,rk3568-pinctrl
[ 2202.128209] + node = audiopwmout-diff
[ 2202.128214]  name = audiopwmout-diff
[ 2202.128216]  compatible = simple-audio-card
[ 2202.128218]  status = disabled
[ 2202.128219] + node = dc-12v
[ 2202.128224]  name = dc-12v
[ 2202.128227]  compatible = regulator-fixed
[ 2202.128228] + node = hdmi-sound
[ 2202.128231]  name = hdmi-sound
[ 2202.128233]  compatible = simple-audio-card
[ 2202.128235]  status = okay
[ 2202.128236] + node = rk-headset
[ 2202.128239]  name = rk-headset
[ 2202.128241]  compatible = rockchip_headset
[ 2202.128243]  status = disabled
[ 2202.128244] + node = dummy-codec
[ 2202.128247]  name = dummy-codec
[ 2202.128249]  compatible = rockchip,dummy-codec
[ 2202.128250]  status = disabled
[ 2202.128252] + node = pdm-mic-array
[ 2202.128254]  name = pdm-mic-array
[ 2202.128257]  compatible = simple-audio-card
[ 2202.128258]  status = disabled
[ 2202.128260] + node = rk809-sound
[ 2202.128265]  name = rk809-sound
[ 2202.128267]  compatible = simple-audio-card
[ 2202.128268]  status = okay
[ 2202.128271] + node = spdif-sound
[ 2202.128273]  name = spdif-sound
[ 2202.128275]  compatible = simple-audio-card
[ 2202.128276]  status = okay
[ 2202.128278] + node = spdif-out
[ 2202.128280]  name = spdif-out
[ 2202.128282]  compatible = linux,spdif-dit
[ 2202.128284]  status = okay
[ 2202.128286] + node = vad-sound
[ 2202.128289]  name = vad-sound
[ 2202.128291]  compatible = rockchip,multicodecs-card
[ 2202.128292]  status = disabled
[ 2202.128294] + node = vcc3v3-sys
[ 2202.128296]  name = vcc3v3-sys
[ 2202.128298]  compatible = regulator-fixed
[ 2202.128300] + node = vcc5v0-sys
[ 2202.128303]  name = vcc5v0-sys
[ 2202.128305]  compatible = regulator-fixed
[ 2202.128306] + node = vcc5v0-host-regulator
[ 2202.128310]  name = vcc5v0-host-regulator
[ 2202.128312]  compatible = regulator-fixed
[ 2202.128313] + node = vcc5v0-otg-regulator
[ 2202.128316]  name = vcc5v0-otg-regulator
[ 2202.128318]  compatible = regulator-fixed
[ 2202.128320]  status = disabled
[ 2202.128322] + node = vcc3v3-lcd0-n
[ 2202.128324]  name = vcc3v3-lcd0-n
[ 2202.128327]  compatible = regulator-fixed
[ 2202.128328] + node = vcc3v3-lcd1-n
[ 2202.128330]  name = vcc3v3-lcd1-n
[ 2202.128332]  compatible = regulator-fixed
[ 2202.128334] + node = test-power
[ 2202.128336]  name = test-power
[ 2202.128338]  status = okay
[ 2202.128339] + node = adc_demo
[ 2202.128342]  name = adc_demo
[ 2202.128344]  compatible = firefly,rk356x-adc
[ 2202.128346]  status = disabled
[ 2202.128347] + node = led_demo
[ 2202.128349]  name = led_demo
[ 2202.128351]  compatible = firefly,rk356x-led
[ 2202.128353]  status = disabled
[ 2202.128354] + node = gpio_demo
[ 2202.128356]  name = gpio_demo
[ 2202.128359]  compatible = firefly,rk356x-gpio
[ 2202.128360]  status = disabled
[ 2202.128362] + node = pwm_demo
[ 2202.128364]  name = pwm_demo
[ 2202.128366]  compatible = firefly,rk356x-pwm
[ 2202.128368]  status = disabled
[ 2202.128369] + node = chosen
[ 2202.128372]  name = chosen
[ 2202.128374] + node = fiq-debugger
[ 2202.128378]  name = fiq-debugger
[ 2202.128380]  compatible = rockchip,fiq-debugger
[ 2202.128382]  status = okay
[ 2202.128383] + node = debug@fd904000
[ 2202.128386]  reg = 0
[ 2202.128387]  name = debug
[ 2202.128389]  compatible = rockchip,debug
[ 2202.128391] + node = cspmu@fd90c000
[ 2202.128393]  reg = 0
[ 2202.128395]  name = cspmu
[ 2202.128397]  compatible = rockchip,cspmu
[ 2202.128398] + node = adc-keys
[ 2202.128401]  name = adc-keys
[ 2202.128403]  compatible = adc-keys
[ 2202.128405] + node = vcc2v5-ddr
[ 2202.128411]  name = vcc2v5-ddr
[ 2202.128413]  compatible = regulator-fixed
[ 2202.128415] + node = vcc3v3-vga
[ 2202.128418]  name = vcc3v3-vga
[ 2202.128420]  compatible = regulator-fixed
[ 2202.128422]  status = disabled
[ 2202.128424] + node = pcie30-avdd0v9
[ 2202.128427]  name = pcie30-avdd0v9
[ 2202.128429]  compatible = regulator-fixed
[ 2202.128430] + node = pcie30-avdd1v8
[ 2202.128433]  name = pcie30-avdd1v8
[ 2202.128435]  compatible = regulator-fixed
[ 2202.128436] + node = gpio-regulator
[ 2202.128439]  name = gpio-regulator
[ 2202.128441]  compatible = regulator-gpio
[ 2202.128442] + node = vcc3v3-bu
[ 2202.128445]  name = vcc3v3-bu
[ 2202.128447]  compatible = regulator-fixed
[ 2202.128448] + node = sdio-pwrseq
[ 2202.128451]  name = sdio-pwrseq
[ 2202.128453]  compatible = mmc-pwrseq-simple
[ 2202.128455]  status = okay
[ 2202.128456] + node = wireless-wlan
[ 2202.128458]  name = wireless-wlan
[ 2202.128460]  compatible = wlan-platdata
[ 2202.128462]  status = okay
[ 2202.128463] + node = wireless-bluetooth
[ 2202.128466]  name = wireless-bluetooth
[ 2202.128468]  compatible = bluetooth-platdata
[ 2202.128470]  status = okay
[ 2202.128471] + node = flash-led
[ 2202.128474]  name = flash-led
[ 2202.128476]  compatible = led,rgb13h
[ 2202.128478]  status = disabled
[ 2202.128479] + node = vcc-camera-regulator
[ 2202.128482]  name = vcc-camera-regulator
[ 2202.128483]  compatible = regulator-fixed
[ 2202.128485]  status = disabled
[ 2202.128487] + node = vcc-hub-power-regulator
[ 2202.128492]  name = vcc-hub-power-regulator
[ 2202.128494]  compatible = regulator-fixed
[ 2202.128495] + node = vcc-hub-reset-regulator
[ 2202.128498]  name = vcc-hub-reset-regulator
[ 2202.128499]  compatible = regulator-fixed
[ 2202.128501] + node = pcie-pi6c-oe-regulator
[ 2202.128504]  name = pcie-pi6c-oe-regulator
[ 2202.128506]  compatible = regulator-fixed
[ 2202.128507] + node = vcc-4g-power-regulator
[ 2202.128511]  name = vcc-4g-power-regulator
[ 2202.128513]  compatible = regulator-fixed
[ 2202.128515] + node = leds
[ 2202.128517]  name = leds
[ 2202.128519]  compatible = gpio-leds
[ 2202.128520]  status = okay
[ 2202.128523] + node = __symbols__
[ 2202.128585]  name = __symbols__
firefly@firefly:~/Documents/kernel-module-dev/cookbook-prj/dts$ 

